18:34:45.904 [main] INFO  api.test.UserTests - *********************************Creating User************************************************
18:34:50.037 [main] INFO  api.test.UserTests - *********************************Get UserBy Name************************************************
18:34:51.450 [main] INFO  api.test.UserTests - *********************************Update UserBy Name************************************************
18:34:54.472 [main] INFO  api.test.UserTests - *********************************Delete UserBy Name************************************************
19:12:40.053 [main] INFO  api.test.UserTestsWithProperty - *********************************Creating User************************************************
19:12:40.912 [main] INFO  api.test.UserTestsWithProperty - *********************************Get UserBy Name************************************************
19:12:40.916 [main] INFO  api.test.UserTestsWithProperty - *********************************Update UserBy Name************************************************
19:12:40.923 [main] INFO  api.test.UserTestsWithProperty - *********************************Delete UserBy Name************************************************
19:13:56.201 [main] INFO  api.test.UserTestsWithProperty - *********************************Creating User************************************************
19:13:59.699 [main] INFO  api.test.UserTestsWithProperty - *********************************Get UserBy Name************************************************
19:13:59.737 [main] INFO  api.test.UserTestsWithProperty - *********************************Update UserBy Name************************************************
19:13:59.759 [main] INFO  api.test.UserTestsWithProperty - *********************************Delete UserBy Name************************************************
19:15:24.816 [main] INFO  api.test.UserTestsWithProperty - *********************************Creating User************************************************
19:15:28.258 [main] INFO  api.test.UserTestsWithProperty - *********************************Get UserBy Name************************************************
19:15:29.727 [main] INFO  api.test.UserTestsWithProperty - *********************************Update UserBy Name************************************************
19:15:32.704 [main] INFO  api.test.UserTestsWithProperty - *********************************Delete UserBy Name************************************************
19:32:00.560 [main] INFO  api.test.UserTests - *********************************Creating User************************************************
19:32:05.108 [main] INFO  api.test.DDTests - ******************************Creating Users Using Data Provider*********************************
19:32:06.741 [main] INFO  api.test.DDTests - ******************************Creating Users Using Data Provider*********************************
19:32:08.182 [main] INFO  api.test.DDTests - ******************************Creating Users Using Data Provider*********************************
19:32:09.608 [main] INFO  api.test.UserTests - *********************************Get UserBy Name************************************************
19:32:11.153 [main] INFO  api.test.DDTests - ******************************Deleting Users Using Data Provider*********************************
19:32:12.680 [main] INFO  api.test.DDTests - ******************************Deleting Users Using Data Provider*********************************
19:32:13.997 [main] INFO  api.test.DDTests - ******************************Deleting Users Using Data Provider*********************************
19:32:15.302 [main] INFO  api.test.UserTests - *********************************Update UserBy Name************************************************
19:32:18.208 [main] INFO  api.test.UserTests - *********************************Delete UserBy Name************************************************
19:36:00.741 [main] INFO  api.test.UserTests - *********************************Creating User************************************************
19:36:05.114 [main] INFO  api.test.DDTests - ******************************Creating Users Using Data Provider*********************************
19:36:06.512 [main] INFO  api.test.DDTests - ******************************Creating Users Using Data Provider*********************************
19:36:08.089 [main] INFO  api.test.DDTests - ******************************Creating Users Using Data Provider*********************************
19:36:09.523 [main] INFO  api.test.UserTests - *********************************Get UserBy Name************************************************
19:36:11.204 [main] INFO  api.test.DDTests - ******************************Deleting Users Using Data Provider*********************************
19:36:12.695 [main] INFO  api.test.DDTests - ******************************Deleting Users Using Data Provider*********************************
19:36:14.148 [main] INFO  api.test.DDTests - ******************************Deleting Users Using Data Provider*********************************
19:36:15.642 [main] INFO  api.test.UserTests - *********************************Update UserBy Name************************************************
19:36:18.692 [main] INFO  api.test.UserTests - *********************************Delete UserBy Name************************************************
19:41:33.371 [main] INFO  api.test.UserTests - *********************************Creating User************************************************
19:41:38.387 [main] INFO  api.test.DDTests - ******************************Creating Users Using Data Provider*********************************
19:41:39.964 [main] INFO  api.test.DDTests - ******************************Creating Users Using Data Provider*********************************
19:41:42.321 [main] INFO  api.test.DDTests - ******************************Creating Users Using Data Provider*********************************
19:41:44.031 [main] INFO  api.test.UserTests - *********************************Get UserBy Name************************************************
19:41:45.651 [main] INFO  api.test.DDTests - ******************************Deleting Users Using Data Provider*********************************
19:41:47.403 [main] INFO  api.test.DDTests - ******************************Deleting Users Using Data Provider*********************************
19:41:48.844 [main] INFO  api.test.DDTests - ******************************Deleting Users Using Data Provider*********************************
19:41:50.396 [main] INFO  api.test.UserTests - *********************************Update UserBy Name************************************************
19:41:53.674 [main] INFO  api.test.UserTests - *********************************Delete UserBy Name************************************************
19:46:25.183 [main] INFO  api.test.UserTests - *********************************Creating User************************************************
19:46:30.000 [main] INFO  api.test.DDTests - ******************************Creating Users Using Data Provider*********************************
19:46:31.667 [main] INFO  api.test.DDTests - ******************************Creating Users Using Data Provider*********************************
19:46:33.327 [main] INFO  api.test.DDTests - ******************************Creating Users Using Data Provider*********************************
19:46:34.863 [main] INFO  api.test.UserTests - *********************************Get UserBy Name************************************************
19:46:36.376 [main] INFO  api.test.DDTests - ******************************Deleting Users Using Data Provider*********************************
19:46:37.812 [main] INFO  api.test.DDTests - ******************************Deleting Users Using Data Provider*********************************
19:46:39.125 [main] INFO  api.test.DDTests - ******************************Deleting Users Using Data Provider*********************************
19:46:40.559 [main] INFO  api.test.UserTests - *********************************Update UserBy Name************************************************
19:46:43.508 [main] INFO  api.test.UserTests - *********************************Delete UserBy Name************************************************
19:47:22.663 [main] INFO  api.test.UserTests - *********************************Creating User************************************************
19:47:27.284 [main] INFO  api.test.DDTests - ******************************Creating Users Using Data Provider*********************************
19:47:28.779 [main] INFO  api.test.DDTests - ******************************Creating Users Using Data Provider*********************************
19:47:30.316 [main] INFO  api.test.DDTests - ******************************Creating Users Using Data Provider*********************************
19:47:31.731 [main] INFO  api.test.UserTests - *********************************Get UserBy Name************************************************
19:47:33.371 [main] INFO  api.test.DDTests - ******************************Deleting Users Using Data Provider*********************************
19:47:34.970 [main] INFO  api.test.DDTests - ******************************Deleting Users Using Data Provider*********************************
19:47:36.356 [main] INFO  api.test.DDTests - ******************************Deleting Users Using Data Provider*********************************
19:47:37.837 [main] INFO  api.test.UserTests - *********************************Update UserBy Name************************************************
19:47:40.908 [main] INFO  api.test.UserTests - *********************************Delete UserBy Name************************************************
20:01:12.381 [main] INFO  api.test.UserTests - *********************************Creating User************************************************
20:01:17.061 [main] INFO  api.test.DDTests - ******************************Creating Users Using Data Provider*********************************
20:01:18.512 [main] INFO  api.test.DDTests - ******************************Creating Users Using Data Provider*********************************
20:01:20.042 [main] INFO  api.test.DDTests - ******************************Creating Users Using Data Provider*********************************
20:01:21.476 [main] INFO  api.test.UserTests - *********************************Get UserBy Name************************************************
20:01:22.998 [main] INFO  api.test.DDTests - ******************************Deleting Users Using Data Provider*********************************
20:01:24.487 [main] INFO  api.test.DDTests - ******************************Deleting Users Using Data Provider*********************************
20:01:25.823 [main] INFO  api.test.DDTests - ******************************Deleting Users Using Data Provider*********************************
20:01:27.560 [main] INFO  api.test.UserTests - *********************************Update UserBy Name************************************************
20:01:30.806 [main] INFO  api.test.UserTests - *********************************Delete UserBy Name************************************************
